
ROM used:   996/8192 (12%)
            996/8192 (12%) including unused fragments

            1.1 Average locations per line
            25.5 Average locations per statement

RAM used:   38/368 (10%) at main() level
            50/368 (14%) worst case

Stack used: 1 worst case (1 in main + 0 for interrupts)
Stack size: 8

Lines Stmts  %   Files
----- ----- ---  -----
   89    39 100  CodigoPic16f887.c
  798     0   0  ..\..\..\..\..\..\..\..\..\..\Program Files (x86)\PICC\Devices\16f887.h
----- -----
  887    39 Total

Page ROM  %  RAM    Vol Diff  Functions:
---- --- --- ---    --- ----  ----------
0    462  46    4   1072  6.2  main
0     29   3    2             @ITOF
0    117  12   13             @MULFF
0     63   6   10             @FLT
0    321  32   16             @ADDFF
 Inline         0             @cinit1

Program metrics:
    Functions               1
    Statements              39
    Comments                176
    Volume (V)              1086
    Difficulty (D)          5.8
    Effort to implement (E) 6350
    Time to implement (T)   6 minutes
    Est Delivered Bugs (B)  0
    Cyclomatic Complexity   4
    Maintainability (MI)    124

 Segment     Used  Free
-----------  ----  ----
00000-00003     4  0  
00004-007FF   992  1052  
00800-00FFF     0  2048  
01000-017FF     0  2048  
01800-01FFF     0  2048  



