
ROM used:   202/8192 (2%)
            202/8192 (2%) including unused fragments

            0.2 Average locations per line
            6.7 Average locations per statement

RAM used:   24/368 (7%) at main() level
            25/368 (7%) worst case

Stack used: 0 worst case (0 in main + 0 for interrupts)
Stack size: 8

Lines Stmts  %   Files
----- ----- ---  -----
   66    30 100  CodigoPic16f887.c
  798     0   0  ..\..\..\..\..\..\..\..\..\..\Program Files (x86)\PICC\Devices\16f887.h
----- -----
  864    30 Total

Page ROM  %  RAM    Vol Diff  Functions:
---- --- --- ---    --- ----  ----------
0    161  80    1    659  6.2  main
0     37  18    2             @MUL88
 Inline         0             @cinit1

Program metrics:
    Functions               1
    Statements              30
    Comments                166
    Volume (V)              664
    Difficulty (D)          6.0
    Effort to implement (E) 3958
    Time to implement (T)   4 minutes
    Est Delivered Bugs (B)  0
    Cyclomatic Complexity   4
    Maintainability (MI)    126

 Segment     Used  Free
-----------  ----  ----
00000-00003     4  0  
00004-007FF   198  1846  
00800-00FFF     0  2048  
01000-017FF     0  2048  
01800-01FFF     0  2048  



