
ROM used:   137/8192 (2%)
            137/8192 (2%) including unused fragments

            0.2 Average locations per line
            13.7 Average locations per statement

RAM used:   11/368 (3%) at main() level
            12/368 (3%) worst case

Stack used: 0 worst case (0 in main + 0 for interrupts)
Stack size: 8

Lines Stmts  %   Files
----- ----- ---  -----
   26    10 100  PIC_PWM.c
  798     0   0  ..\..\..\..\..\..\..\..\..\..\Program Files (x86)\PICC\Devices\16f887.h
----- -----
  824    10 Total

Page ROM  %  RAM    Vol Diff  Functions:
---- --- --- ---    --- ----  ----------
0     23  17    1             @delay_ms1
0    110  80    1    200  2.7  main
 Inline         0             @cinit1

Program metrics:
    Functions               1
    Statements              10
    Comments                143
    Volume (V)              204
    Difficulty (D)          2.5
    Effort to implement (E) 506
    Time to implement (T)   0 minutes
    Est Delivered Bugs (B)  0
    Cyclomatic Complexity   1
    Maintainability (MI)    90

 Segment     Used  Free
-----------  ----  ----
00000-00003     4  0  
00004-007FF   133  1911  
00800-00FFF     0  2048  
01000-017FF     0  2048  
01800-01FFF     0  2048  



