
ROM used:   1236/8192 (15%)
            1236/8192 (15%) including unused fragments

            1.4 Average locations per line
            28.7 Average locations per statement

RAM used:   38/368 (10%) at main() level
            50/368 (14%) worst case

Stack used: 1 worst case (1 in main + 0 for interrupts)
Stack size: 8

Lines Stmts  %   Files
----- ----- ---  -----
   93    43 100  PIC16f887_MPPT2.c
  798     0   0  ..\..\..\..\..\..\..\..\..\..\Program Files (x86)\PICC\Devices\16f887.h
----- -----
  891    43 Total

Page ROM  %  RAM    Vol Diff  Functions:
---- --- --- ---    --- ----  ----------
0    671  54    4   1209  6.3  main
0     29   2    2             @ITOF
0    117   9   13             @MULFF
0    321  26   16             @ADDFF
0     63   5   10             @FLT
0     31   3    4             @SFTOI
 Inline         0             @cinit1

Program metrics:
    Functions               1
    Statements              43
    Comments                176
    Volume (V)              1225
    Difficulty (D)          5.8
    Effort to implement (E) 7149
    Time to implement (T)   7 minutes
    Est Delivered Bugs (B)  0
    Cyclomatic Complexity   5
    Maintainability (MI)    122

 Segment     Used  Free
-----------  ----  ----
00000-00003     4  0  
00004-007FF  1232  812  
00800-00FFF     0  2048  
01000-017FF     0  2048  
01800-01FFF     0  2048  



